1
  Program PeakFq           U. S. GEOLOGICAL SURVEY             Seq.002.000
  Version 7.1         Annual peak flow frequency analysis      Run Date / Time
  3/14/2014                                                    03/24/2017 11:19

                         --- PROCESSING OPTIONS ---  

                      Plot option         = None              
                      Basin char output   = None          
                      Print option        = Yes
                      Debug print         = No 
                      Input peaks listing = Long 
                      Input peaks format  = WATSTORE peak file  

                      Input files used:
                         peaks (ascii)  - C:\Users\slawler\Desktop\NYSFSMA\return_periods\01503000.PKF                    
                         specifications - C:\Users\slawler\Desktop\NYSFSMA\return_periods\PKFQWPSF.TMP                    
                      Output file(s): 
                         main - C:\Users\slawler\Desktop\NYSFSMA\return_periods\01503000.PRT                    
  
1


  Program PeakFq           U. S. GEOLOGICAL SURVEY             Seq.001.001
  Version 7.1         Annual peak flow frequency analysis      Run Date / Time
  3/14/2014                                                    03/24/2017 11:19
  
              Station - 01503000  SUSQUEHANNA RIVER AT CONKLIN NY               


                     I N P U T   D A T A   S U M M A R Y

                Number of peaks in record            =      103
                Peaks not used in analysis           =        0
                Systematic peaks in analysis         =      103
                Historic peaks in analysis           =        0
                Beginning Year                       =     1913
                Ending Year                          =     2015
                Historical Period Length             =        0
                Generalized skew                     =    0.331
                     Standard error                  =    0.550
                     Mean Square error               =    0.303
                Skew option                          =   WEIGHTED  
                Gage base discharge                  =      0.0
                User supplied high outlier threshold =   --           
                User supplied PILF (LO) criterion    =   --           
                Plotting position parameter          =     0.00
                Type of analysis                       BULL.17B
                PILF (LO) Test Method                      GBT 
                Perception Thresholds            =   Not Applicable
                Interval Data                    =   Not Applicable



  *********  NOTICE  --  Preliminary machine computations.        *********     
  *********  User responsible for assessment and interpretation.  *********     

    WCF134I-NO SYSTEMATIC PEAKS WERE BELOW GAGE BASE.                   0.0
    WCF195I-NO LOW OUTLIERS WERE DETECTED BELOW CRITERION.          10753.8
    WCF163I-NO HIGH OUTLIERS OR HISTORIC PEAKS EXCEEDED HHBASE.     88936.3


                                        Kendall's Tau Parameters

                                                        MEDIAN   No. of
                                       TAU    P-VALUE    SLOPE   PEAKS
                                ---------------------------------------
             SYSTEMATIC RECORD     -0.118      0.077    -58.491   103


1


  Program PeakFq           U. S. GEOLOGICAL SURVEY             Seq.001.002
  Version 7.1         Annual peak flow frequency analysis      Run Date / Time
  3/14/2014                                                    03/24/2017 11:19
  
              Station - 01503000  SUSQUEHANNA RIVER AT CONKLIN NY               


           ANNUAL FREQUENCY CURVE PARAMETERS -- LOG-PEARSON TYPE III 

                        FLOOD BASE                   LOGARITHMIC         
                  ----------------------  -------------------------------
                             EXCEEDANCE                STANDARD          
                   DISCHARGE PROBABILITY     MEAN     DEVIATION     SKEW 
                  -------------------------------------------------------
 SYSTEMATIC RECORD       0.0     1.0000     4.4903      0.1516      0.140
 BULL.17B ESTIMATE       0.0     1.0000     4.4903      0.1516      0.171

 BULL.17B ESTIMATE OF MSE OF AT-SITE SKEW     0.0583



    ANNUAL FREQUENCY CURVE -- DISCHARGES AT SELECTED EXCEEDANCE PROBABILITIES

   ANNUAL                         <-- FOR BULLETIN 17B ESTIMATES -->
EXCEEDANCE  BULL.17B SYSTEMATIC   VARIANCE  95% CONFIDENCE INTERVALS
PROBABILITY ESTIMATE   RECORD      OF EST.       LOWER       UPPER

   0.9950   13310.    13170.        ----      11740.0      14740.0
   0.9900   14350.    14230.        ----      12770.0      15790.0
   0.9500   17720.    17670.        ----      16130.0      19180.0
   0.9000   19910.    19880.        ----      18330.0      21370.0
   0.8000   23000.    23000.        ----      21430.0      24480.0
   0.6667   26400.    26440.        ----      24810.0      27970.0
   0.5000   30620.    30680.        ----      28920.0      32410.0
   0.4292   32600.    32650.        ----      30800.0      34540.0
   0.2000   41350.    41380.        ----      38850.0      44360.0
   0.1000   48660.    48610.        ----      45290.0      52910.0
   0.0400   58130.    57920.        ----      53410.0      64350.0
   0.0200   65370.    65000.        ----      59490.0      73280.0
   0.0100   72760.    72190.        ----      65610.0      82570.0
   0.0050   80360.    79550.        ----      71820.0      92260.0
   0.0020   90810.    89620.        ----      80250.0     105800.0
1


  Program PeakFq           U. S. GEOLOGICAL SURVEY             Seq.001.003
  Version 7.1         Annual peak flow frequency analysis      Run Date / Time
  3/14/2014                                                    03/24/2017 11:19
  
              Station - 01503000  SUSQUEHANNA RIVER AT CONKLIN NY               


                       I N P U T   D A T A   L I S T I N G


    WATER       PEAK   PEAKFQ
     YEAR      VALUE    CODES  REMARKS
     1913    52000.0       
     1914    47000.0       
     1915    40500.0       
     1916    42100.0       
     1917    28700.0       
     1918    29400.0       
     1919    17900.0       
     1920    35200.0       
     1921    27100.0       
     1922    39900.0       
     1923    27300.0       
     1924    44000.0       
     1925    44900.0       
     1926    30600.0       
     1927    33600.0       
     1928    43500.0       
     1929    47000.0       
     1930    18600.0       
     1931    22800.0       
     1932    29000.0       
     1933    25000.0       
     1934    25400.0       
     1935    41900.0       
     1936    61600.0       
     1937    24300.0       
     1938    34100.0       
     1939    33100.0       
     1940    51800.0       
     1941    24900.0       
     1942    28100.0       
     1943    48600.0       
     1944    30000.0       
     1945    27500.0       
     1946    32900.0       
     1947    31000.0       
     1948    60500.0       
     1949    28400.0       
     1950    34600.0       
     1951    36100.0       
     1952    24700.0       
     1953    25400.0       
     1954    29000.0       
     1955    22500.0       
     1956    39200.0       
     1957    21400.0       
     1958    38300.0       
     1959    32300.0       
     1960    44000.0       
     1961    39100.0       
     1962    35300.0       
     1963    37800.0       
     1964    50200.0       
     1965    14900.0       
     1966    18000.0       
     1967    16800.0       
     1968    21200.0       
     1969    24000.0       
     1970    25300.0       
     1971    21700.0       
     1972    26500.0       
     1973    32100.0       
     1974    24900.0       
     1975    30700.0       
     1976    31700.0       
     1977    43400.0       
     1978    40300.0       
     1979    45200.0       
     1980    25400.0       
     1981    24700.0       
     1982    17700.0       
     1983    29800.0       
     1984    44700.0       
     1985    20000.0       
     1986    44400.0       
     1987    25100.0       
     1988    21500.0       
     1989    25000.0       
     1990    20300.0       
     1991    24000.0       
     1992    15100.0       
     1993    48500.0       
     1994    28300.0       
     1995    15600.0       
     1996    46600.0       
     1997    31600.0       
     1998    36400.0       
     1999    34100.0       
     2000    38000.0       
     2001    28900.0       
     2002    23700.0       
     2003    33500.0       
     2004    54700.0       
     2005    49400.0       
     2006    76800.0       
     2007    25100.0       
     2008    30700.0       
     2009    24100.0       
     2010    27600.0       
     2011    72100.0       
     2012    15000.0       
     2013    20300.0       
     2014    24300.0       
     2015    26300.0       


        Explanation of peak discharge qualification codes

       PeakFQ    NWIS
        CODE     CODE   DEFINITION

          D        3    Dam failure, non-recurrent flow anomaly
          G        8    Discharge greater than stated value
          X       3+8   Both of the above
          L        4    Discharge less than stated value
          K     6 OR C  Known effect of regulation or urbanization
          H        7    Historic peak

          -  Minus-flagged discharge -- Not used in computation
                -8888.0 -- No discharge value given
          -  Minus-flagged water year -- Historic peak used in computation



1


  Program PeakFq           U. S. GEOLOGICAL SURVEY             Seq.001.004
  Version 7.1         Annual peak flow frequency analysis      Run Date / Time
  3/14/2014                                                    03/24/2017 11:19
  
              Station - 01503000  SUSQUEHANNA RIVER AT CONKLIN NY               


   EMPIRICAL FREQUENCY CURVES -- WEIBULL PLOTTING POSITIONS

   WATER     RANKED   SYSTEMATIC     B17B
    YEAR   DISCHARGE    RECORD     ESTIMATE
    2006    76800.0     0.0096      0.0096 
    2011    72100.0     0.0192      0.0192 
    1936    61600.0     0.0288      0.0288 
    1948    60500.0     0.0385      0.0385 
    2004    54700.0     0.0481      0.0481 
    1913    52000.0     0.0577      0.0577 
    1940    51800.0     0.0673      0.0673 
    1964    50200.0     0.0769      0.0769 
    2005    49400.0     0.0865      0.0865 
    1943    48600.0     0.0962      0.0962 
    1993    48500.0     0.1058      0.1058 
    1914    47000.0     0.1154      0.1154 
    1929    47000.0     0.1250      0.1250 
    1996    46600.0     0.1346      0.1346 
    1979    45200.0     0.1442      0.1442 
    1925    44900.0     0.1538      0.1538 
    1984    44700.0     0.1635      0.1635 
    1986    44400.0     0.1731      0.1731 
    1924    44000.0     0.1827      0.1827 
    1960    44000.0     0.1923      0.1923 
    1928    43500.0     0.2019      0.2019 
    1977    43400.0     0.2115      0.2115 
    1916    42100.0     0.2212      0.2212 
    1935    41900.0     0.2308      0.2308 
    1915    40500.0     0.2404      0.2404 
    1978    40300.0     0.2500      0.2500 
    1922    39900.0     0.2596      0.2596 
    1956    39200.0     0.2692      0.2692 
    1961    39100.0     0.2788      0.2788 
    1958    38300.0     0.2885      0.2885 
    2000    38000.0     0.2981      0.2981 
    1963    37800.0     0.3077      0.3077 
    1998    36400.0     0.3173      0.3173 
    1951    36100.0     0.3269      0.3269 
    1962    35300.0     0.3365      0.3365 
    1920    35200.0     0.3462      0.3462 
    1950    34600.0     0.3558      0.3558 
    1938    34100.0     0.3654      0.3654 
    1999    34100.0     0.3750      0.3750 
    1927    33600.0     0.3846      0.3846 
    2003    33500.0     0.3942      0.3942 
    1939    33100.0     0.4038      0.4038 
    1946    32900.0     0.4135      0.4135 
    1959    32300.0     0.4231      0.4231 
    1973    32100.0     0.4327      0.4327 
    1976    31700.0     0.4423      0.4423 
    1997    31600.0     0.4519      0.4519 
    1947    31000.0     0.4615      0.4615 
    1975    30700.0     0.4712      0.4712 
    2008    30700.0     0.4808      0.4808 
    1926    30600.0     0.4904      0.4904 
    1944    30000.0     0.5000      0.5000 
    1983    29800.0     0.5096      0.5096 
    1918    29400.0     0.5192      0.5192 
    1932    29000.0     0.5288      0.5288 
    1954    29000.0     0.5385      0.5385 
    2001    28900.0     0.5481      0.5481 
    1917    28700.0     0.5577      0.5577 
    1949    28400.0     0.5673      0.5673 
    1994    28300.0     0.5769      0.5769 
    1942    28100.0     0.5865      0.5865 
    2010    27600.0     0.5962      0.5962 
    1945    27500.0     0.6058      0.6058 
    1923    27300.0     0.6154      0.6154 
    1921    27100.0     0.6250      0.6250 
    1972    26500.0     0.6346      0.6346 
    2015    26300.0     0.6442      0.6442 
    1934    25400.0     0.6538      0.6538 
    1953    25400.0     0.6635      0.6635 
    1980    25400.0     0.6731      0.6731 
    1970    25300.0     0.6827      0.6827 
    1987    25100.0     0.6923      0.6923 
    2007    25100.0     0.7019      0.7019 
    1933    25000.0     0.7115      0.7115 
    1989    25000.0     0.7212      0.7212 
    1941    24900.0     0.7308      0.7308 
    1974    24900.0     0.7404      0.7404 
    1952    24700.0     0.7500      0.7500 
    1981    24700.0     0.7596      0.7596 
    1937    24300.0     0.7692      0.7692 
    2014    24300.0     0.7788      0.7788 
    2009    24100.0     0.7885      0.7885 
    1969    24000.0     0.7981      0.7981 
    1991    24000.0     0.8077      0.8077 
    2002    23700.0     0.8173      0.8173 
    1931    22800.0     0.8269      0.8269 
    1955    22500.0     0.8365      0.8365 
    1971    21700.0     0.8462      0.8462 
    1988    21500.0     0.8558      0.8558 
    1957    21400.0     0.8654      0.8654 
    1968    21200.0     0.8750      0.8750 
    1990    20300.0     0.8846      0.8846 
    2013    20300.0     0.8942      0.8942 
    1985    20000.0     0.9038      0.9038 
    1930    18600.0     0.9135      0.9135 
    1966    18000.0     0.9231      0.9231 
    1919    17900.0     0.9327      0.9327 
    1982    17700.0     0.9423      0.9423 
    1967    16800.0     0.9519      0.9519 
    1995    15600.0     0.9615      0.9615 
    1992    15100.0     0.9712      0.9712 
    2012    15000.0     0.9808      0.9808 
    1965    14900.0     0.9904      0.9904 
1



 End PeakFQ analysis.
   Stations processed :       1
   Number of errors   :       0
   Stations skipped   :       0
   Station years      :     103


Data records may have been ignored for the stations listed below.               
(Card type must be Y, Z, N, H, I, 2, 3, 4,  or *.)                              
(2, 4, and * records are ignored.)                                              
                                                                                
 For the station below, the following records were ignored:                     
                                                                                
 FINISHED PROCESSING STATION:  01503000       USGS SUSQUEHANNA RIVER AT CONKLIN 
                                                                                
                                                                                
 For the station below, the following records were ignored:                     
                                                                                
 FINISHED PROCESSING STATION:                                                   
                                                                                
